#
# There is insufficient memory for the Java Runtime Environment to continue.
# Native memory allocation (mmap) failed to map 65011712 bytes for Failed to commit area from 0x00000000c3600000 to 0x00000000c7400000 of length 65011712.
# Possible reasons:
#   The system is out of physical RAM or swap space
#   The process is running with CompressedOops enabled, and the Java Heap may be blocking the growth of the native heap
# Possible solutions:
#   Reduce memory load on the system
#   Increase physical memory or swap space
#   Check if swap backing store is full
#   Decrease Java heap size (-Xmx/-Xms)
#   Decrease number of Java threads
#   Decrease Java thread stack sizes (-Xss)
#   Set larger code cache with -XX:ReservedCodeCacheSize=
# This output file may be truncated or incomplete.
#
#  Out of Memory Error (./src/hotspot/os/windows/os_windows.cpp:3521), pid=27516, tid=23172
#
# JRE version:  (11.0.12+7) (build )
# Java VM: OpenJDK 64-Bit Server VM (11.0.12+7-b1504.28-7817840, mixed mode, sharing, tiered, compressed oops, g1 gc, windows-amd64)
# No core dump will be written. Minidumps are not enabled by default on client versions of Windows
#

---------------  S U M M A R Y ------------

Command Line: org.jetbrains.kotlin.cli.jvm.K2JVMCompiler @C:\Users\ananya\AndroidStudioProject\Motion_App\app\build\20220723_14801573520770619618.compiler.options

Host: Intel(R) Core(TM) i5-1035G1 CPU @ 1.00GHz, 8 cores, 3G,  Windows 10 , 64 bit Build 19041 (10.0.19041.1806)
Time: Sat Jul 23 16:01:19 2022 India Standard Time elapsed time: 0.018038 seconds (0d 0h 0m 0s)

---------------  T H R E A D  ---------------

Current thread (0x00000264f5fca000):  JavaThread "Unknown thread" [_thread_in_vm, id=23172, stack(0x000000753df00000,0x000000753e000000)]

Stack: [0x000000753df00000,0x000000753e000000]
Native frames: (J=compiled Java code, j=interpreted, Vv=VM code, C=native code)
V  [jvm.dll+0x5fbcea]
V  [jvm.dll+0x731905]
V  [jvm.dll+0x732f1d]
V  [jvm.dll+0x7335d3]
V  [jvm.dll+0x247bf8]
V  [jvm.dll+0x5f90b4]
V  [jvm.dll+0x5edc85]
V  [jvm.dll+0x305aeb]
V  [jvm.dll+0x305a5a]
V  [jvm.dll+0x305932]
V  [jvm.dll+0x30a896]
V  [jvm.dll+0x353803]
V  [jvm.dll+0x353f06]
V  [jvm.dll+0x353903]
V  [jvm.dll+0x2e0678]
V  [jvm.dll+0x2e1827]
V  [jvm.dll+0x710037]
V  [jvm.dll+0x71182c]
V  [jvm.dll+0x360da9]
V  [jvm.dll+0x6f390e]
V  [jvm.dll+0x3c9723]
V  [jvm.dll+0x3cb9b1]
C  [jli.dll+0x536b]
C  [ucrtbase.dll+0x21bb2]
C  [KERNEL32.DLL+0x17034]
C  [ntdll.dll+0x52651]


---------------  P R O C E S S  ---------------

Threads class SMR info:
_java_thread_list=0x00000264f4701950, length=0, elements={
}

Java Threads: ( => current thread )

Other Threads:
  0x00000264f5fe1800 GCTaskThread "GC Thread#0" [stack: 0x000000753e000000,0x000000753e100000] [id=30100]
  0x00000264f5ffb000 ConcurrentGCThread "G1 Main Marker" [stack: 0x000000753e100000,0x000000753e200000] [id=35680]
  0x00000264f5fff000 ConcurrentGCThread "G1 Conc#0" [stack: 0x000000753e200000,0x000000753e300000] [id=29828]

[error occurred during error reporting (printing all threads), id 0xc0000005, EXCEPTION_ACCESS_VIOLATION (0xc0000005) at pc=0x00007ffe2a420be7]

VM state:not at safepoint (not fully initialized)

VM Mutex/Monitor currently owned by a thread:  ([mutex/lock_event])
[0x00000264f5fc6000] Heap_lock - owner thread: 0x00000264f5fca000

Heap address: 0x00000000c3600000, size: 970 MB, Compressed Oops mode: Non-zero based: 0x00000000c3600000
Narrow klass base: 0x0000000000000000, Narrow klass shift: 0

GC Heap History (0 events):
No events

Deoptimization events (0 events):
No events

Classes redefined (0 events):
No events

Internal exceptions (0 events):
No events

Events (1 events):
Event: 0.013 Loaded shared library C:\Program Files\Android\Android Studio1\jre\bin\zip.dll


Dynamic libraries:
0x00007ff72fec0000 - 0x00007ff72feca000 	C:\Program Files\Android\Android Studio1\jre\bin\java.exe
0x00007ffe931f0000 - 0x00007ffe933e8000 	C:\WINDOWS\SYSTEM32\ntdll.dll
0x00007ffe91fd0000 - 0x00007ffe9208d000 	C:\WINDOWS\System32\KERNEL32.DLL
0x00007ffe90910000 - 0x00007ffe90bde000 	C:\WINDOWS\System32\KERNELBASE.dll
0x00007ffe90be0000 - 0x00007ffe90ce0000 	C:\WINDOWS\System32\ucrtbase.dll
0x00007ffe6b6d0000 - 0x00007ffe6b6e9000 	C:\Program Files\Android\Android Studio1\jre\bin\jli.dll
0x00007ffe6b170000 - 0x00007ffe6b187000 	C:\Program Files\Android\Android Studio1\jre\bin\VCRUNTIME140.dll
0x00007ffe91bb0000 - 0x00007ffe91d50000 	C:\WINDOWS\System32\USER32.dll
0x00007ffe91050000 - 0x00007ffe91072000 	C:\WINDOWS\System32\win32u.dll
0x00007ffe6e1e0000 - 0x00007ffe6e47a000 	C:\WINDOWS\WinSxS\amd64_microsoft.windows.common-controls_6595b64144ccf1df_6.0.19041.1110_none_60b5254171f9507e\COMCTL32.dll
0x00007ffe91a70000 - 0x00007ffe91a9a000 	C:\WINDOWS\System32\GDI32.dll
0x00007ffe923b0000 - 0x00007ffe9244e000 	C:\WINDOWS\System32\msvcrt.dll
0x00007ffe90e10000 - 0x00007ffe90f1b000 	C:\WINDOWS\System32\gdi32full.dll
0x00007ffe90f20000 - 0x00007ffe90fbd000 	C:\WINDOWS\System32\msvcp_win.dll
0x00007ffe926d0000 - 0x00007ffe92700000 	C:\WINDOWS\System32\IMM32.DLL
0x00007ffe56830000 - 0x00007ffe568cd000 	C:\Program Files\Android\Android Studio1\jre\bin\msvcp140.dll
0x00007ffe2a130000 - 0x00007ffe2ac15000 	C:\Program Files\Android\Android Studio1\jre\bin\server\jvm.dll
0x00007ffe91f00000 - 0x00007ffe91fae000 	C:\WINDOWS\System32\ADVAPI32.dll
0x00007ffe91b00000 - 0x00007ffe91b9c000 	C:\WINDOWS\System32\sechost.dll
0x00007ffe91790000 - 0x00007ffe918b5000 	C:\WINDOWS\System32\RPCRT4.dll
0x00007ffe91fc0000 - 0x00007ffe91fc8000 	C:\WINDOWS\System32\PSAPI.DLL
0x00007ffe73a40000 - 0x00007ffe73a67000 	C:\WINDOWS\SYSTEM32\WINMM.dll
0x00007ffe87b40000 - 0x00007ffe87b4a000 	C:\WINDOWS\SYSTEM32\VERSION.dll
0x00007ffe88750000 - 0x00007ffe88759000 	C:\WINDOWS\SYSTEM32\WSOCK32.dll
0x00007ffe92090000 - 0x00007ffe920fb000 	C:\WINDOWS\System32\WS2_32.dll
0x00007ffe8f1f0000 - 0x00007ffe8f202000 	C:\WINDOWS\SYSTEM32\kernel.appcore.dll
0x00007ffe875e0000 - 0x00007ffe875f1000 	C:\Program Files\Android\Android Studio1\jre\bin\verify.dll
0x00007ffe8b0b0000 - 0x00007ffe8b294000 	C:\WINDOWS\SYSTEM32\DBGHELP.DLL
0x00007ffe7f510000 - 0x00007ffe7f53c000 	C:\WINDOWS\SYSTEM32\dbgcore.DLL
0x00007ffe90fc0000 - 0x00007ffe91042000 	C:\WINDOWS\System32\bcryptPrimitives.dll
0x00007ffe7d080000 - 0x00007ffe7d0a9000 	C:\Program Files\Android\Android Studio1\jre\bin\java.dll
0x00007ffe88230000 - 0x00007ffe8823b000 	C:\Program Files\Android\Android Studio1\jre\bin\jimage.dll
0x00007ffe87470000 - 0x00007ffe87488000 	C:\Program Files\Android\Android Studio1\jre\bin\zip.dll

dbghelp: loaded successfully - version: 4.0.5 - missing functions: none
symbol engine: initialized successfully - sym options: 0x614 - pdb path: .;C:\Program Files\Android\Android Studio1\jre\bin;C:\WINDOWS\SYSTEM32;C:\WINDOWS\WinSxS\amd64_microsoft.windows.common-controls_6595b64144ccf1df_6.0.19041.1110_none_60b5254171f9507e;C:\Program Files\Android\Android Studio1\jre\bin\server

VM Arguments:
java_command: org.jetbrains.kotlin.cli.jvm.K2JVMCompiler @C:\Users\ananya\AndroidStudioProject\Motion_App\app\build\20220723_14801573520770619618.compiler.options
java_class_path (initial): C:\Users\ananya\.gradle\caches\modules-2\files-2.1\org.jetbrains.kotlin\kotlin-compiler-embeddable\1.6.10\88f2073f4020cdb83132cfe940ceb9a60aba54ea\kotlin-compiler-embeddable-1.6.10.jar;C:\Users\ananya\.gradle\caches\modules-2\files-2.1\org.jetbrains.kotlin\kotlin-reflect\1.6.10\1cbe9c92c12a94eea200d23c2bbaedaf3daf5132\kotlin-reflect-1.6.10.jar;C:\Users\ananya\.gradle\caches\modules-2\files-2.1\org.jetbrains.kotlin\kotlin-stdlib\1.6.10\b8af3fe6f1ca88526914929add63cf5e7c5049af\kotlin-stdlib-1.6.10.jar;C:\Users\ananya\.gradle\caches\modules-2\files-2.1\org.jetbrains.kotlin\kotlin-script-runtime\1.6.10\d0a7ff2e2500ef497ed0214ae40ad3c8387a6164\kotlin-script-runtime-1.6.10.jar;C:\Users\ananya\.gradle\caches\modules-2\files-2.1\org.jetbrains.kotlin\kotlin-daemon-embeddable\1.6.10\a56d79bcbea411fa6058e4ecffc2de73e742bd2a\kotlin-daemon-embeddable-1.6.10.jar;C:\Users\ananya\.gradle\caches\modules-2\files-2.1\org.jetbrains.intellij.deps\trove4j\1.0.20181211\216c2e14b070f334479d800987affe4054cd563f\trove4j-1.0.20181211.jar;C:\Users\ananya\.gradle\caches\modules-2\files-2.1\net.java.dev.jna\jna\5.6.0\330f2244e9030119ab3030fc3fededc86713d9cc\jna-5.6.0.jar;C:\Users\ananya\.gradle\caches\modules-2\files-2.1\org.jetbrains\annotations\13.0\919f0dfe192fb4e063e7dacadee7f8bb9a2672a9\annotations-13.0.jar;C:\Users\ananya\.gradle\caches\modules-2\files-2.1\org.jetbrains.kotlin\kotlin-stdlib-common\1.6.10\c118700e3a33c8a0d9adc920e9dec0831171925\kotlin-stdlib-common-1.6.10.jar
Launcher Type: SUN_STANDARD

[Global flags]
     intx CICompilerCount                          = 4                                         {product} {ergonomic}
     uint ConcGCThreads                            = 2                                         {product} {ergonomic}
     uint G1ConcRefinementThreads                  = 8                                         {product} {ergonomic}
   size_t G1HeapRegionSize                         = 1048576                                   {product} {ergonomic}
    uintx GCDrainStackTargetSize                   = 64                                        {product} {ergonomic}
   size_t InitialHeapSize                          = 65011712                                  {product} {ergonomic}
   size_t MarkStackSize                            = 4194304                                   {product} {ergonomic}
   size_t MaxHeapSize                              = 1017118720                                {product} {ergonomic}
   size_t MinHeapDeltaBytes                        = 1048576                                   {product} {ergonomic}
    uintx NonNMethodCodeHeapSize                   = 5836300                                {pd product} {ergonomic}
    uintx NonProfiledCodeHeapSize                  = 122910970                              {pd product} {ergonomic}
    uintx ProfiledCodeHeapSize                     = 122910970                              {pd product} {ergonomic}
    uintx ReservedCodeCacheSize                    = 251658240                              {pd product} {ergonomic}
     bool SegmentedCodeCache                       = true                                      {product} {ergonomic}
     bool UseCompressedClassPointers               = true                                 {lp64_product} {ergonomic}
     bool UseCompressedOops                        = true                                 {lp64_product} {ergonomic}
     bool UseG1GC                                  = true                                      {product} {ergonomic}
     bool UseLargePagesIndividualAllocation        = false                                  {pd product} {ergonomic}

Logging:
Log output configuration:
 #0: stdout all=warning uptime,level,tags
 #1: stderr all=off uptime,level,tags

Environment Variables:
PATH=C:\WINDOWS\system32;C:\WINDOWS;C:\WINDOWS\System32\Wbem;C:\WINDOWS\System32\WindowsPowerShell\v1.0\;C:\WINDOWS\System32\OpenSSH\;C:\Program Files\nodejs\;C:\MinGW\bin;C:\Program Files\Java\jdk-13.0.2\bin;C:\Program Files\Git\cmd;C:\Users\ananya\AppData\Local\Programs\Python\Python310\Scripts\;C:\Users\ananya\AppData\Local\Programs\Python\Python310\;C:\Program Files\Java\jdk-14.0.2\bin;C:\Users\ananya\AppData\Local\Programs\Microsoft VS Code\bin;C:\Users\ananya\AppData\Local\Microsoft\WindowsApps;C:\Program Files\Java\jdk1.8.0_301\bin;C:\MinGW\bin;C:\Users\ananya\AppData\Roaming\npm;C:\Program Files\JetBrains\IntelliJ IDEA Community Edition 2021.3.3\bin;;D:\Programs\flutter\bin;%ANDROID_HOME%\tools;%ANDROID_HOME%platform-tools;
USERNAME=ananya
OS=Windows_NT
PROCESSOR_IDENTIFIER=Intel64 Family 6 Model 126 Stepping 5, GenuineIntel



---------------  S Y S T E M  ---------------

OS: Windows 10 , 64 bit Build 19041 (10.0.19041.1806)
OS uptime: 6 days 20:10 hours

CPU:total 8 (initial active 8) (4 cores per cpu, 2 threads per core) family 6 model 126 stepping 5 microcode 0xa6, cmov, cx8, fxsr, mmx, sse, sse2, sse3, ssse3, sse4.1, sse4.2, popcnt, avx, avx2, aes, clmul, erms, 3dnowpref, lzcnt, ht, tsc, tscinvbit, bmi1, bmi2, adx, evex, sha, fma

Memory: 4k page, system-wide physical 3877M (48M free)
TotalPageFile size 15653M (AvailPageFile size 22M)
current process WorkingSet (physical memory assigned to process): 9M, peak: 9M
current process commit charge ("private bytes"): 59M, peak: 121M

vm_info: OpenJDK 64-Bit Server VM (11.0.12+7-b1504.28-7817840) for windows-amd64 JRE (11.0.12+7-b1504.28-7817840), built on Oct 13 2021 22:12:33 by "builder" with MS VC++ 14.0 (VS2015)

END.
